[0.510s] Invoking command in '/home/aryan/ros2_ws/src/howyouseeme_ros2': CONDA_PROMPT_MODIFIER=(base) DEBUGINFOD_URLS=https://debuginfod.ubuntu.com PYTHONPATH=/home/aryan/ros2_ws/build/howyouseeme_ros2/prefix_override:/usr/lib/python3/dist-packages/colcon_core/task/python/colcon_distutils_commands:/home/aryan/ros2_ws/install/howyouseeme_ros2/lib/python3.12/site-packages:${PYTHONPATH} /usr/bin/python3 -W ignore:setup.py install is deprecated -W ignore:easy_install command is deprecated setup.py egg_info --egg-base ../../../../../ros2_ws/build/howyouseeme_ros2 build --build-base /home/aryan/ros2_ws/build/howyouseeme_ros2/build install --record /home/aryan/ros2_ws/build/howyouseeme_ros2/install.log --single-version-externally-managed install_data
[0.674s] running egg_info
[0.684s] writing ../../../../../ros2_ws/build/howyouseeme_ros2/howyouseeme_ros2.egg-info/PKG-INFO
[0.685s] writing dependency_links to ../../../../../ros2_ws/build/howyouseeme_ros2/howyouseeme_ros2.egg-info/dependency_links.txt
[0.685s] writing entry points to ../../../../../ros2_ws/build/howyouseeme_ros2/howyouseeme_ros2.egg-info/entry_points.txt
[0.686s] writing requirements to ../../../../../ros2_ws/build/howyouseeme_ros2/howyouseeme_ros2.egg-info/requires.txt
[0.686s] writing top-level names to ../../../../../ros2_ws/build/howyouseeme_ros2/howyouseeme_ros2.egg-info/top_level.txt
[0.710s] reading manifest file '../../../../../ros2_ws/build/howyouseeme_ros2/howyouseeme_ros2.egg-info/SOURCES.txt'
[0.710s] writing manifest file '../../../../../ros2_ws/build/howyouseeme_ros2/howyouseeme_ros2.egg-info/SOURCES.txt'
[0.710s] running build
[0.710s] running build_py
[0.711s] running install
[0.716s] running install_lib
[0.728s] running install_data
[0.728s] running install_egg_info
[0.741s] removing '/home/aryan/ros2_ws/install/howyouseeme_ros2/lib/python3.12/site-packages/howyouseeme_ros2-0.0.0-py3.12.egg-info' (and everything under it)
[0.741s] Copying ../../../../../ros2_ws/build/howyouseeme_ros2/howyouseeme_ros2.egg-info to /home/aryan/ros2_ws/install/howyouseeme_ros2/lib/python3.12/site-packages/howyouseeme_ros2-0.0.0-py3.12.egg-info
[0.742s] running install_scripts
[0.819s] Installing kinect_subscriber script to /home/aryan/ros2_ws/install/howyouseeme_ros2/lib/howyouseeme_ros2
[0.820s] writing list of installed files to '/home/aryan/ros2_ws/build/howyouseeme_ros2/install.log'
[0.841s] Invoked command in '/home/aryan/ros2_ws/src/howyouseeme_ros2' returned '0': CONDA_PROMPT_MODIFIER=(base) DEBUGINFOD_URLS=https://debuginfod.ubuntu.com PYTHONPATH=/home/aryan/ros2_ws/build/howyouseeme_ros2/prefix_override:/usr/lib/python3/dist-packages/colcon_core/task/python/colcon_distutils_commands:/home/aryan/ros2_ws/install/howyouseeme_ros2/lib/python3.12/site-packages:${PYTHONPATH} /usr/bin/python3 -W ignore:setup.py install is deprecated -W ignore:easy_install command is deprecated setup.py egg_info --egg-base ../../../../../ros2_ws/build/howyouseeme_ros2 build --build-base /home/aryan/ros2_ws/build/howyouseeme_ros2/build install --record /home/aryan/ros2_ws/build/howyouseeme_ros2/install.log --single-version-externally-managed install_data
