/home/aryan/ros2_ws/install/howyouseeme_ros2/lib/python3.12/site-packages/src/__init__.py
/home/aryan/ros2_ws/install/howyouseeme_ros2/lib/python3.12/site-packages/howyouseeme_ros2/__init__.py
/home/aryan/ros2_ws/install/howyouseeme_ros2/lib/python3.12/site-packages/howyouseeme_ros2/kinect_subscriber.py
/home/aryan/ros2_ws/install/howyouseeme_ros2/lib/python3.12/site-packages/src/mcp_integration/__init__.py
/home/aryan/ros2_ws/install/howyouseeme_ros2/lib/python3.12/site-packages/src/summarizer/__init__.py
/home/aryan/ros2_ws/install/howyouseeme_ros2/lib/python3.12/site-packages/src/perception/__init__.py
/home/aryan/ros2_ws/install/howyouseeme_ros2/lib/python3.12/site-packages/src/perception/ros2_sensor_interface.py
/home/aryan/ros2_ws/install/howyouseeme_ros2/lib/python3.12/site-packages/src/perception/audio/__init__.py
/home/aryan/ros2_ws/install/howyouseeme_ros2/lib/python3.12/site-packages/src/perception/vlm/__init__.py
/home/aryan/ros2_ws/install/howyouseeme_ros2/lib/python3.12/site-packages/src/perception/hand_tracking/__init__.py
/home/aryan/ros2_ws/install/howyouseeme_ros2/lib/python3.12/site-packages/src/perception/detection/__init__.py
/home/aryan/ros2_ws/install/howyouseeme_ros2/lib/python3.12/site-packages/src/perception/detection/ros2_object_detector.py
/home/aryan/ros2_ws/install/howyouseeme_ros2/lib/python3.12/site-packages/src/perception/detection/object_detector.py
/home/aryan/ros2_ws/install/howyouseeme_ros2/lib/python3.12/site-packages/src/perception/face_analysis/__init__.py
/home/aryan/ros2_ws/install/howyouseeme_ros2/lib/python3.12/site-packages/src/perception/slam/__init__.py
/home/aryan/ros2_ws/install/howyouseeme_ros2/lib/python3.12/site-packages/src/perception/slam/ros2_slam_interface.py
/home/aryan/ros2_ws/install/howyouseeme_ros2/lib/python3.12/site-packages/src/perception/segmentation/__init__.py
/home/aryan/ros2_ws/install/howyouseeme_ros2/lib/python3.12/site-packages/howyouseeme_ros2/perception/__init__.py
/home/aryan/ros2_ws/install/howyouseeme_ros2/lib/python3.12/site-packages/howyouseeme_ros2/perception/ros2_sensor_interface.py
/home/aryan/ros2_ws/install/howyouseeme_ros2/lib/python3.12/site-packages/howyouseeme_ros2/perception/audio/__init__.py
/home/aryan/ros2_ws/install/howyouseeme_ros2/lib/python3.12/site-packages/howyouseeme_ros2/perception/vlm/__init__.py
/home/aryan/ros2_ws/install/howyouseeme_ros2/lib/python3.12/site-packages/howyouseeme_ros2/perception/hand_tracking/__init__.py
/home/aryan/ros2_ws/install/howyouseeme_ros2/lib/python3.12/site-packages/howyouseeme_ros2/perception/detection/__init__.py
/home/aryan/ros2_ws/install/howyouseeme_ros2/lib/python3.12/site-packages/howyouseeme_ros2/perception/detection/ros2_object_detector.py
/home/aryan/ros2_ws/install/howyouseeme_ros2/lib/python3.12/site-packages/howyouseeme_ros2/perception/detection/object_detector.py
/home/aryan/ros2_ws/install/howyouseeme_ros2/lib/python3.12/site-packages/howyouseeme_ros2/perception/face_analysis/__init__.py
/home/aryan/ros2_ws/install/howyouseeme_ros2/lib/python3.12/site-packages/howyouseeme_ros2/perception/slam/__init__.py
/home/aryan/ros2_ws/install/howyouseeme_ros2/lib/python3.12/site-packages/howyouseeme_ros2/perception/slam/ros2_slam_interface.py
/home/aryan/ros2_ws/install/howyouseeme_ros2/lib/python3.12/site-packages/howyouseeme_ros2/perception/segmentation/__init__.py
/home/aryan/ros2_ws/install/howyouseeme_ros2/lib/python3.12/site-packages/src/__pycache__/__init__.cpython-312.pyc
/home/aryan/ros2_ws/install/howyouseeme_ros2/lib/python3.12/site-packages/howyouseeme_ros2/__pycache__/__init__.cpython-312.pyc
/home/aryan/ros2_ws/install/howyouseeme_ros2/lib/python3.12/site-packages/howyouseeme_ros2/__pycache__/kinect_subscriber.cpython-312.pyc
/home/aryan/ros2_ws/install/howyouseeme_ros2/lib/python3.12/site-packages/src/mcp_integration/__pycache__/__init__.cpython-312.pyc
/home/aryan/ros2_ws/install/howyouseeme_ros2/lib/python3.12/site-packages/src/summarizer/__pycache__/__init__.cpython-312.pyc
/home/aryan/ros2_ws/install/howyouseeme_ros2/lib/python3.12/site-packages/src/perception/__pycache__/__init__.cpython-312.pyc
/home/aryan/ros2_ws/install/howyouseeme_ros2/lib/python3.12/site-packages/src/perception/__pycache__/ros2_sensor_interface.cpython-312.pyc
/home/aryan/ros2_ws/install/howyouseeme_ros2/lib/python3.12/site-packages/src/perception/audio/__pycache__/__init__.cpython-312.pyc
/home/aryan/ros2_ws/install/howyouseeme_ros2/lib/python3.12/site-packages/src/perception/vlm/__pycache__/__init__.cpython-312.pyc
/home/aryan/ros2_ws/install/howyouseeme_ros2/lib/python3.12/site-packages/src/perception/hand_tracking/__pycache__/__init__.cpython-312.pyc
/home/aryan/ros2_ws/install/howyouseeme_ros2/lib/python3.12/site-packages/src/perception/detection/__pycache__/__init__.cpython-312.pyc
/home/aryan/ros2_ws/install/howyouseeme_ros2/lib/python3.12/site-packages/src/perception/detection/__pycache__/ros2_object_detector.cpython-312.pyc
/home/aryan/ros2_ws/install/howyouseeme_ros2/lib/python3.12/site-packages/src/perception/detection/__pycache__/object_detector.cpython-312.pyc
/home/aryan/ros2_ws/install/howyouseeme_ros2/lib/python3.12/site-packages/src/perception/face_analysis/__pycache__/__init__.cpython-312.pyc
/home/aryan/ros2_ws/install/howyouseeme_ros2/lib/python3.12/site-packages/src/perception/slam/__pycache__/__init__.cpython-312.pyc
/home/aryan/ros2_ws/install/howyouseeme_ros2/lib/python3.12/site-packages/src/perception/slam/__pycache__/ros2_slam_interface.cpython-312.pyc
/home/aryan/ros2_ws/install/howyouseeme_ros2/lib/python3.12/site-packages/src/perception/segmentation/__pycache__/__init__.cpython-312.pyc
/home/aryan/ros2_ws/install/howyouseeme_ros2/lib/python3.12/site-packages/howyouseeme_ros2/perception/__pycache__/__init__.cpython-312.pyc
/home/aryan/ros2_ws/install/howyouseeme_ros2/lib/python3.12/site-packages/howyouseeme_ros2/perception/__pycache__/ros2_sensor_interface.cpython-312.pyc
/home/aryan/ros2_ws/install/howyouseeme_ros2/lib/python3.12/site-packages/howyouseeme_ros2/perception/audio/__pycache__/__init__.cpython-312.pyc
/home/aryan/ros2_ws/install/howyouseeme_ros2/lib/python3.12/site-packages/howyouseeme_ros2/perception/vlm/__pycache__/__init__.cpython-312.pyc
/home/aryan/ros2_ws/install/howyouseeme_ros2/lib/python3.12/site-packages/howyouseeme_ros2/perception/hand_tracking/__pycache__/__init__.cpython-312.pyc
/home/aryan/ros2_ws/install/howyouseeme_ros2/lib/python3.12/site-packages/howyouseeme_ros2/perception/detection/__pycache__/__init__.cpython-312.pyc
/home/aryan/ros2_ws/install/howyouseeme_ros2/lib/python3.12/site-packages/howyouseeme_ros2/perception/detection/__pycache__/ros2_object_detector.cpython-312.pyc
/home/aryan/ros2_ws/install/howyouseeme_ros2/lib/python3.12/site-packages/howyouseeme_ros2/perception/detection/__pycache__/object_detector.cpython-312.pyc
/home/aryan/ros2_ws/install/howyouseeme_ros2/lib/python3.12/site-packages/howyouseeme_ros2/perception/face_analysis/__pycache__/__init__.cpython-312.pyc
/home/aryan/ros2_ws/install/howyouseeme_ros2/lib/python3.12/site-packages/howyouseeme_ros2/perception/slam/__pycache__/__init__.cpython-312.pyc
/home/aryan/ros2_ws/install/howyouseeme_ros2/lib/python3.12/site-packages/howyouseeme_ros2/perception/slam/__pycache__/ros2_slam_interface.cpython-312.pyc
/home/aryan/ros2_ws/install/howyouseeme_ros2/lib/python3.12/site-packages/howyouseeme_ros2/perception/segmentation/__pycache__/__init__.cpython-312.pyc
/home/aryan/ros2_ws/install/howyouseeme_ros2/share/ament_index/resource_index/packages/howyouseeme_ros2
/home/aryan/ros2_ws/install/howyouseeme_ros2/share/howyouseeme_ros2/package.xml
/home/aryan/ros2_ws/install/howyouseeme_ros2/share/howyouseeme_ros2/launch/detection_only.launch.py
/home/aryan/ros2_ws/install/howyouseeme_ros2/share/howyouseeme_ros2/config
/home/aryan/ros2_ws/install/howyouseeme_ros2/share/howyouseeme_ros2/config/config.yaml
/home/aryan/ros2_ws/install/howyouseeme_ros2/lib/python3.12/site-packages/howyouseeme_ros2-1.0.0-py3.12.egg-info/PKG-INFO
/home/aryan/ros2_ws/install/howyouseeme_ros2/lib/python3.12/site-packages/howyouseeme_ros2-1.0.0-py3.12.egg-info/zip-safe
/home/aryan/ros2_ws/install/howyouseeme_ros2/lib/python3.12/site-packages/howyouseeme_ros2-1.0.0-py3.12.egg-info/dependency_links.txt
/home/aryan/ros2_ws/install/howyouseeme_ros2/lib/python3.12/site-packages/howyouseeme_ros2-1.0.0-py3.12.egg-info/top_level.txt
/home/aryan/ros2_ws/install/howyouseeme_ros2/lib/python3.12/site-packages/howyouseeme_ros2-1.0.0-py3.12.egg-info/SOURCES.txt
/home/aryan/ros2_ws/install/howyouseeme_ros2/lib/python3.12/site-packages/howyouseeme_ros2-1.0.0-py3.12.egg-info/requires.txt
/home/aryan/ros2_ws/install/howyouseeme_ros2/lib/python3.12/site-packages/howyouseeme_ros2-1.0.0-py3.12.egg-info/entry_points.txt
/home/aryan/ros2_ws/install/howyouseeme_ros2/lib/howyouseeme_ros2/kinect_subscriber
/home/aryan/ros2_ws/install/howyouseeme_ros2/lib/howyouseeme_ros2/performance_monitor
/home/aryan/ros2_ws/install/howyouseeme_ros2/lib/howyouseeme_ros2/slam_interface_node
/home/aryan/ros2_ws/install/howyouseeme_ros2/lib/howyouseeme_ros2/yolo_detector_node
