running egg_info
writing ../../../../../ros2_ws/build/howyouseeme_ros2/howyouseeme_ros2.egg-info/PKG-INFO
writing dependency_links to ../../../../../ros2_ws/build/howyouseeme_ros2/howyouseeme_ros2.egg-info/dependency_links.txt
writing entry points to ../../../../../ros2_ws/build/howyouseeme_ros2/howyouseeme_ros2.egg-info/entry_points.txt
writing requirements to ../../../../../ros2_ws/build/howyouseeme_ros2/howyouseeme_ros2.egg-info/requires.txt
writing top-level names to ../../../../../ros2_ws/build/howyouseeme_ros2/howyouseeme_ros2.egg-info/top_level.txt
reading manifest file '../../../../../ros2_ws/build/howyouseeme_ros2/howyouseeme_ros2.egg-info/SOURCES.txt'
writing manifest file '../../../../../ros2_ws/build/howyouseeme_ros2/howyouseeme_ros2.egg-info/SOURCES.txt'
running build
running build_py
creating /home/aryan/ros2_ws/build/howyouseeme_ros2/build/lib/src
copying src/__init__.py -> /home/aryan/ros2_ws/build/howyouseeme_ros2/build/lib/src
creating /home/aryan/ros2_ws/build/howyouseeme_ros2/build/lib/src/mcp_integration
copying src/mcp_integration/__init__.py -> /home/aryan/ros2_ws/build/howyouseeme_ros2/build/lib/src/mcp_integration
creating /home/aryan/ros2_ws/build/howyouseeme_ros2/build/lib/src/summarizer
copying src/summarizer/__init__.py -> /home/aryan/ros2_ws/build/howyouseeme_ros2/build/lib/src/summarizer
creating /home/aryan/ros2_ws/build/howyouseeme_ros2/build/lib/src/perception
copying src/perception/__init__.py -> /home/aryan/ros2_ws/build/howyouseeme_ros2/build/lib/src/perception
copying src/perception/ros2_sensor_interface.py -> /home/aryan/ros2_ws/build/howyouseeme_ros2/build/lib/src/perception
creating /home/aryan/ros2_ws/build/howyouseeme_ros2/build/lib/src/perception/audio
copying src/perception/audio/__init__.py -> /home/aryan/ros2_ws/build/howyouseeme_ros2/build/lib/src/perception/audio
creating /home/aryan/ros2_ws/build/howyouseeme_ros2/build/lib/src/perception/vlm
copying src/perception/vlm/__init__.py -> /home/aryan/ros2_ws/build/howyouseeme_ros2/build/lib/src/perception/vlm
creating /home/aryan/ros2_ws/build/howyouseeme_ros2/build/lib/src/perception/hand_tracking
copying src/perception/hand_tracking/__init__.py -> /home/aryan/ros2_ws/build/howyouseeme_ros2/build/lib/src/perception/hand_tracking
creating /home/aryan/ros2_ws/build/howyouseeme_ros2/build/lib/src/perception/detection
copying src/perception/detection/__init__.py -> /home/aryan/ros2_ws/build/howyouseeme_ros2/build/lib/src/perception/detection
copying src/perception/detection/ros2_object_detector.py -> /home/aryan/ros2_ws/build/howyouseeme_ros2/build/lib/src/perception/detection
copying src/perception/detection/object_detector.py -> /home/aryan/ros2_ws/build/howyouseeme_ros2/build/lib/src/perception/detection
creating /home/aryan/ros2_ws/build/howyouseeme_ros2/build/lib/src/perception/face_analysis
copying src/perception/face_analysis/__init__.py -> /home/aryan/ros2_ws/build/howyouseeme_ros2/build/lib/src/perception/face_analysis
creating /home/aryan/ros2_ws/build/howyouseeme_ros2/build/lib/src/perception/slam
copying src/perception/slam/__init__.py -> /home/aryan/ros2_ws/build/howyouseeme_ros2/build/lib/src/perception/slam
copying src/perception/slam/ros2_slam_interface.py -> /home/aryan/ros2_ws/build/howyouseeme_ros2/build/lib/src/perception/slam
creating /home/aryan/ros2_ws/build/howyouseeme_ros2/build/lib/src/perception/segmentation
copying src/perception/segmentation/__init__.py -> /home/aryan/ros2_ws/build/howyouseeme_ros2/build/lib/src/perception/segmentation
creating /home/aryan/ros2_ws/build/howyouseeme_ros2/build/lib/howyouseeme_ros2/perception
copying howyouseeme_ros2/perception/__init__.py -> /home/aryan/ros2_ws/build/howyouseeme_ros2/build/lib/howyouseeme_ros2/perception
copying howyouseeme_ros2/perception/ros2_sensor_interface.py -> /home/aryan/ros2_ws/build/howyouseeme_ros2/build/lib/howyouseeme_ros2/perception
creating /home/aryan/ros2_ws/build/howyouseeme_ros2/build/lib/howyouseeme_ros2/perception/audio
copying howyouseeme_ros2/perception/audio/__init__.py -> /home/aryan/ros2_ws/build/howyouseeme_ros2/build/lib/howyouseeme_ros2/perception/audio
creating /home/aryan/ros2_ws/build/howyouseeme_ros2/build/lib/howyouseeme_ros2/perception/vlm
copying howyouseeme_ros2/perception/vlm/__init__.py -> /home/aryan/ros2_ws/build/howyouseeme_ros2/build/lib/howyouseeme_ros2/perception/vlm
creating /home/aryan/ros2_ws/build/howyouseeme_ros2/build/lib/howyouseeme_ros2/perception/hand_tracking
copying howyouseeme_ros2/perception/hand_tracking/__init__.py -> /home/aryan/ros2_ws/build/howyouseeme_ros2/build/lib/howyouseeme_ros2/perception/hand_tracking
creating /home/aryan/ros2_ws/build/howyouseeme_ros2/build/lib/howyouseeme_ros2/perception/detection
copying howyouseeme_ros2/perception/detection/__init__.py -> /home/aryan/ros2_ws/build/howyouseeme_ros2/build/lib/howyouseeme_ros2/perception/detection
copying howyouseeme_ros2/perception/detection/ros2_object_detector.py -> /home/aryan/ros2_ws/build/howyouseeme_ros2/build/lib/howyouseeme_ros2/perception/detection
copying howyouseeme_ros2/perception/detection/object_detector.py -> /home/aryan/ros2_ws/build/howyouseeme_ros2/build/lib/howyouseeme_ros2/perception/detection
creating /home/aryan/ros2_ws/build/howyouseeme_ros2/build/lib/howyouseeme_ros2/perception/face_analysis
copying howyouseeme_ros2/perception/face_analysis/__init__.py -> /home/aryan/ros2_ws/build/howyouseeme_ros2/build/lib/howyouseeme_ros2/perception/face_analysis
creating /home/aryan/ros2_ws/build/howyouseeme_ros2/build/lib/howyouseeme_ros2/perception/slam
copying howyouseeme_ros2/perception/slam/__init__.py -> /home/aryan/ros2_ws/build/howyouseeme_ros2/build/lib/howyouseeme_ros2/perception/slam
copying howyouseeme_ros2/perception/slam/ros2_slam_interface.py -> /home/aryan/ros2_ws/build/howyouseeme_ros2/build/lib/howyouseeme_ros2/perception/slam
creating /home/aryan/ros2_ws/build/howyouseeme_ros2/build/lib/howyouseeme_ros2/perception/segmentation
copying howyouseeme_ros2/perception/segmentation/__init__.py -> /home/aryan/ros2_ws/build/howyouseeme_ros2/build/lib/howyouseeme_ros2/perception/segmentation
running install
running install_lib
creating /home/aryan/ros2_ws/install/howyouseeme_ros2/lib/python3.12/site-packages/src
creating /home/aryan/ros2_ws/install/howyouseeme_ros2/lib/python3.12/site-packages/src/mcp_integration
copying /home/aryan/ros2_ws/build/howyouseeme_ros2/build/lib/src/mcp_integration/__init__.py -> /home/aryan/ros2_ws/install/howyouseeme_ros2/lib/python3.12/site-packages/src/mcp_integration
copying /home/aryan/ros2_ws/build/howyouseeme_ros2/build/lib/src/__init__.py -> /home/aryan/ros2_ws/install/howyouseeme_ros2/lib/python3.12/site-packages/src
creating /home/aryan/ros2_ws/install/howyouseeme_ros2/lib/python3.12/site-packages/src/summarizer
copying /home/aryan/ros2_ws/build/howyouseeme_ros2/build/lib/src/summarizer/__init__.py -> /home/aryan/ros2_ws/install/howyouseeme_ros2/lib/python3.12/site-packages/src/summarizer
creating /home/aryan/ros2_ws/install/howyouseeme_ros2/lib/python3.12/site-packages/src/perception
creating /home/aryan/ros2_ws/install/howyouseeme_ros2/lib/python3.12/site-packages/src/perception/audio
copying /home/aryan/ros2_ws/build/howyouseeme_ros2/build/lib/src/perception/audio/__init__.py -> /home/aryan/ros2_ws/install/howyouseeme_ros2/lib/python3.12/site-packages/src/perception/audio
creating /home/aryan/ros2_ws/install/howyouseeme_ros2/lib/python3.12/site-packages/src/perception/vlm
copying /home/aryan/ros2_ws/build/howyouseeme_ros2/build/lib/src/perception/vlm/__init__.py -> /home/aryan/ros2_ws/install/howyouseeme_ros2/lib/python3.12/site-packages/src/perception/vlm
copying /home/aryan/ros2_ws/build/howyouseeme_ros2/build/lib/src/perception/__init__.py -> /home/aryan/ros2_ws/install/howyouseeme_ros2/lib/python3.12/site-packages/src/perception
creating /home/aryan/ros2_ws/install/howyouseeme_ros2/lib/python3.12/site-packages/src/perception/hand_tracking
copying /home/aryan/ros2_ws/build/howyouseeme_ros2/build/lib/src/perception/hand_tracking/__init__.py -> /home/aryan/ros2_ws/install/howyouseeme_ros2/lib/python3.12/site-packages/src/perception/hand_tracking
copying /home/aryan/ros2_ws/build/howyouseeme_ros2/build/lib/src/perception/ros2_sensor_interface.py -> /home/aryan/ros2_ws/install/howyouseeme_ros2/lib/python3.12/site-packages/src/perception
creating /home/aryan/ros2_ws/install/howyouseeme_ros2/lib/python3.12/site-packages/src/perception/detection
copying /home/aryan/ros2_ws/build/howyouseeme_ros2/build/lib/src/perception/detection/__init__.py -> /home/aryan/ros2_ws/install/howyouseeme_ros2/lib/python3.12/site-packages/src/perception/detection
copying /home/aryan/ros2_ws/build/howyouseeme_ros2/build/lib/src/perception/detection/ros2_object_detector.py -> /home/aryan/ros2_ws/install/howyouseeme_ros2/lib/python3.12/site-packages/src/perception/detection
copying /home/aryan/ros2_ws/build/howyouseeme_ros2/build/lib/src/perception/detection/object_detector.py -> /home/aryan/ros2_ws/install/howyouseeme_ros2/lib/python3.12/site-packages/src/perception/detection
creating /home/aryan/ros2_ws/install/howyouseeme_ros2/lib/python3.12/site-packages/src/perception/face_analysis
copying /home/aryan/ros2_ws/build/howyouseeme_ros2/build/lib/src/perception/face_analysis/__init__.py -> /home/aryan/ros2_ws/install/howyouseeme_ros2/lib/python3.12/site-packages/src/perception/face_analysis
creating /home/aryan/ros2_ws/install/howyouseeme_ros2/lib/python3.12/site-packages/src/perception/slam
copying /home/aryan/ros2_ws/build/howyouseeme_ros2/build/lib/src/perception/slam/__init__.py -> /home/aryan/ros2_ws/install/howyouseeme_ros2/lib/python3.12/site-packages/src/perception/slam
copying /home/aryan/ros2_ws/build/howyouseeme_ros2/build/lib/src/perception/slam/ros2_slam_interface.py -> /home/aryan/ros2_ws/install/howyouseeme_ros2/lib/python3.12/site-packages/src/perception/slam
creating /home/aryan/ros2_ws/install/howyouseeme_ros2/lib/python3.12/site-packages/src/perception/segmentation
copying /home/aryan/ros2_ws/build/howyouseeme_ros2/build/lib/src/perception/segmentation/__init__.py -> /home/aryan/ros2_ws/install/howyouseeme_ros2/lib/python3.12/site-packages/src/perception/segmentation
creating /home/aryan/ros2_ws/install/howyouseeme_ros2/lib/python3.12/site-packages/howyouseeme_ros2/perception
creating /home/aryan/ros2_ws/install/howyouseeme_ros2/lib/python3.12/site-packages/howyouseeme_ros2/perception/audio
copying /home/aryan/ros2_ws/build/howyouseeme_ros2/build/lib/howyouseeme_ros2/perception/audio/__init__.py -> /home/aryan/ros2_ws/install/howyouseeme_ros2/lib/python3.12/site-packages/howyouseeme_ros2/perception/audio
creating /home/aryan/ros2_ws/install/howyouseeme_ros2/lib/python3.12/site-packages/howyouseeme_ros2/perception/vlm
copying /home/aryan/ros2_ws/build/howyouseeme_ros2/build/lib/howyouseeme_ros2/perception/vlm/__init__.py -> /home/aryan/ros2_ws/install/howyouseeme_ros2/lib/python3.12/site-packages/howyouseeme_ros2/perception/vlm
copying /home/aryan/ros2_ws/build/howyouseeme_ros2/build/lib/howyouseeme_ros2/perception/__init__.py -> /home/aryan/ros2_ws/install/howyouseeme_ros2/lib/python3.12/site-packages/howyouseeme_ros2/perception
creating /home/aryan/ros2_ws/install/howyouseeme_ros2/lib/python3.12/site-packages/howyouseeme_ros2/perception/hand_tracking
copying /home/aryan/ros2_ws/build/howyouseeme_ros2/build/lib/howyouseeme_ros2/perception/hand_tracking/__init__.py -> /home/aryan/ros2_ws/install/howyouseeme_ros2/lib/python3.12/site-packages/howyouseeme_ros2/perception/hand_tracking
copying /home/aryan/ros2_ws/build/howyouseeme_ros2/build/lib/howyouseeme_ros2/perception/ros2_sensor_interface.py -> /home/aryan/ros2_ws/install/howyouseeme_ros2/lib/python3.12/site-packages/howyouseeme_ros2/perception
creating /home/aryan/ros2_ws/install/howyouseeme_ros2/lib/python3.12/site-packages/howyouseeme_ros2/perception/detection
copying /home/aryan/ros2_ws/build/howyouseeme_ros2/build/lib/howyouseeme_ros2/perception/detection/__init__.py -> /home/aryan/ros2_ws/install/howyouseeme_ros2/lib/python3.12/site-packages/howyouseeme_ros2/perception/detection
copying /home/aryan/ros2_ws/build/howyouseeme_ros2/build/lib/howyouseeme_ros2/perception/detection/ros2_object_detector.py -> /home/aryan/ros2_ws/install/howyouseeme_ros2/lib/python3.12/site-packages/howyouseeme_ros2/perception/detection
copying /home/aryan/ros2_ws/build/howyouseeme_ros2/build/lib/howyouseeme_ros2/perception/detection/object_detector.py -> /home/aryan/ros2_ws/install/howyouseeme_ros2/lib/python3.12/site-packages/howyouseeme_ros2/perception/detection
creating /home/aryan/ros2_ws/install/howyouseeme_ros2/lib/python3.12/site-packages/howyouseeme_ros2/perception/face_analysis
copying /home/aryan/ros2_ws/build/howyouseeme_ros2/build/lib/howyouseeme_ros2/perception/face_analysis/__init__.py -> /home/aryan/ros2_ws/install/howyouseeme_ros2/lib/python3.12/site-packages/howyouseeme_ros2/perception/face_analysis
creating /home/aryan/ros2_ws/install/howyouseeme_ros2/lib/python3.12/site-packages/howyouseeme_ros2/perception/slam
copying /home/aryan/ros2_ws/build/howyouseeme_ros2/build/lib/howyouseeme_ros2/perception/slam/__init__.py -> /home/aryan/ros2_ws/install/howyouseeme_ros2/lib/python3.12/site-packages/howyouseeme_ros2/perception/slam
copying /home/aryan/ros2_ws/build/howyouseeme_ros2/build/lib/howyouseeme_ros2/perception/slam/ros2_slam_interface.py -> /home/aryan/ros2_ws/install/howyouseeme_ros2/lib/python3.12/site-packages/howyouseeme_ros2/perception/slam
creating /home/aryan/ros2_ws/install/howyouseeme_ros2/lib/python3.12/site-packages/howyouseeme_ros2/perception/segmentation
copying /home/aryan/ros2_ws/build/howyouseeme_ros2/build/lib/howyouseeme_ros2/perception/segmentation/__init__.py -> /home/aryan/ros2_ws/install/howyouseeme_ros2/lib/python3.12/site-packages/howyouseeme_ros2/perception/segmentation
byte-compiling /home/aryan/ros2_ws/install/howyouseeme_ros2/lib/python3.12/site-packages/src/mcp_integration/__init__.py to __init__.cpython-312.pyc
byte-compiling /home/aryan/ros2_ws/install/howyouseeme_ros2/lib/python3.12/site-packages/src/__init__.py to __init__.cpython-312.pyc
byte-compiling /home/aryan/ros2_ws/install/howyouseeme_ros2/lib/python3.12/site-packages/src/summarizer/__init__.py to __init__.cpython-312.pyc
byte-compiling /home/aryan/ros2_ws/install/howyouseeme_ros2/lib/python3.12/site-packages/src/perception/audio/__init__.py to __init__.cpython-312.pyc
byte-compiling /home/aryan/ros2_ws/install/howyouseeme_ros2/lib/python3.12/site-packages/src/perception/vlm/__init__.py to __init__.cpython-312.pyc
byte-compiling /home/aryan/ros2_ws/install/howyouseeme_ros2/lib/python3.12/site-packages/src/perception/__init__.py to __init__.cpython-312.pyc
byte-compiling /home/aryan/ros2_ws/install/howyouseeme_ros2/lib/python3.12/site-packages/src/perception/hand_tracking/__init__.py to __init__.cpython-312.pyc
byte-compiling /home/aryan/ros2_ws/install/howyouseeme_ros2/lib/python3.12/site-packages/src/perception/ros2_sensor_interface.py to ros2_sensor_interface.cpython-312.pyc
byte-compiling /home/aryan/ros2_ws/install/howyouseeme_ros2/lib/python3.12/site-packages/src/perception/detection/__init__.py to __init__.cpython-312.pyc
  File "/home/aryan/ros2_ws/install/howyouseeme_ros2/lib/python3.12/site-packages/src/perception/ros2_sensor_interface.py", line 172
    self.get_logger().info(f\"ROS2 Kinect Interface initialized - Target FPS: {target_fps}\")\
                             ^
SyntaxError: unexpected character after line continuation character

byte-compiling /home/aryan/ros2_ws/install/howyouseeme_ros2/lib/python3.12/site-packages/src/perception/detection/ros2_object_detector.py to ros2_object_detector.cpython-312.pyc
byte-compiling /home/aryan/ros2_ws/install/howyouseeme_ros2/lib/python3.12/site-packages/src/perception/detection/object_detector.py to object_detector.cpython-312.pyc
  File "/home/aryan/ros2_ws/install/howyouseeme_ros2/lib/python3.12/site-packages/src/perception/detection/ros2_object_detector.py", line 197
    t KeyboardInterrupt:\n        print(\"Shutting down YOLO detector...\")\n    finally:\n        detector.shutdown()\n        rclpy.shutdown()\n\n\nif __name__ == '__main__':\n    main()\n"
                                                                                             ^
SyntaxError: unexpected character after line continuation character

byte-compiling /home/aryan/ros2_ws/install/howyouseeme_ros2/lib/python3.12/site-packages/src/perception/face_analysis/__init__.py to __init__.cpython-312.pyc
byte-compiling /home/aryan/ros2_ws/install/howyouseeme_ros2/lib/python3.12/site-packages/src/perception/slam/__init__.py to __init__.cpython-312.pyc
byte-compiling /home/aryan/ros2_ws/install/howyouseeme_ros2/lib/python3.12/site-packages/src/perception/slam/ros2_slam_interface.py to ros2_slam_interface.cpython-312.pyc
  File "/home/aryan/ros2_ws/install/howyouseeme_ros2/lib/python3.12/site-packages/src/perception/slam/ros2_slam_interface.py", line 217
    __ == '__main__':\n    main()\n"
                              ^
SyntaxError: unexpected character after line continuation character

byte-compiling /home/aryan/ros2_ws/install/howyouseeme_ros2/lib/python3.12/site-packages/src/perception/segmentation/__init__.py to __init__.cpython-312.pyc
byte-compiling /home/aryan/ros2_ws/install/howyouseeme_ros2/lib/python3.12/site-packages/howyouseeme_ros2/perception/audio/__init__.py to __init__.cpython-312.pyc
byte-compiling /home/aryan/ros2_ws/install/howyouseeme_ros2/lib/python3.12/site-packages/howyouseeme_ros2/perception/vlm/__init__.py to __init__.cpython-312.pyc
byte-compiling /home/aryan/ros2_ws/install/howyouseeme_ros2/lib/python3.12/site-packages/howyouseeme_ros2/perception/__init__.py to __init__.cpython-312.pyc
byte-compiling /home/aryan/ros2_ws/install/howyouseeme_ros2/lib/python3.12/site-packages/howyouseeme_ros2/perception/hand_tracking/__init__.py to __init__.cpython-312.pyc
byte-compiling /home/aryan/ros2_ws/install/howyouseeme_ros2/lib/python3.12/site-packages/howyouseeme_ros2/perception/ros2_sensor_interface.py to ros2_sensor_interface.cpython-312.pyc
  File "/home/aryan/ros2_ws/install/howyouseeme_ros2/lib/python3.12/site-packages/howyouseeme_ros2/perception/ros2_sensor_interface.py", line 172
    self.get_logger().info(f\"ROS2 Kinect Interface initialized - Target FPS: {target_fps}\")\
                             ^
SyntaxError: unexpected character after line continuation character

byte-compiling /home/aryan/ros2_ws/install/howyouseeme_ros2/lib/python3.12/site-packages/howyouseeme_ros2/perception/detection/__init__.py to __init__.cpython-312.pyc
byte-compiling /home/aryan/ros2_ws/install/howyouseeme_ros2/lib/python3.12/site-packages/howyouseeme_ros2/perception/detection/ros2_object_detector.py to ros2_object_detector.cpython-312.pyc
  File "/home/aryan/ros2_ws/install/howyouseeme_ros2/lib/python3.12/site-packages/howyouseeme_ros2/perception/detection/ros2_object_detector.py", line 197
    t KeyboardInterrupt:\n        print(\"Shutting down YOLO detector...\")\n    finally:\n        detector.shutdown()\n        rclpy.shutdown()\n\n\nif __name__ == '__main__':\n    main()\n"
                                                                                             ^
SyntaxError: unexpected character after line continuation character

byte-compiling /home/aryan/ros2_ws/install/howyouseeme_ros2/lib/python3.12/site-packages/howyouseeme_ros2/perception/detection/object_detector.py to object_detector.cpython-312.pyc
byte-compiling /home/aryan/ros2_ws/install/howyouseeme_ros2/lib/python3.12/site-packages/howyouseeme_ros2/perception/face_analysis/__init__.py to __init__.cpython-312.pyc
byte-compiling /home/aryan/ros2_ws/install/howyouseeme_ros2/lib/python3.12/site-packages/howyouseeme_ros2/perception/slam/__init__.py to __init__.cpython-312.pyc
byte-compiling /home/aryan/ros2_ws/install/howyouseeme_ros2/lib/python3.12/site-packages/howyouseeme_ros2/perception/slam/ros2_slam_interface.py to ros2_slam_interface.cpython-312.pyc
  File "/home/aryan/ros2_ws/install/howyouseeme_ros2/lib/python3.12/site-packages/howyouseeme_ros2/perception/slam/ros2_slam_interface.py", line 217
    __ == '__main__':\n    main()\n"
                              ^
SyntaxError: unexpected character after line continuation character

byte-compiling /home/aryan/ros2_ws/install/howyouseeme_ros2/lib/python3.12/site-packages/howyouseeme_ros2/perception/segmentation/__init__.py to __init__.cpython-312.pyc
running install_data
creating /home/aryan/ros2_ws/install/howyouseeme_ros2/share/howyouseeme_ros2/launch
copying launch/detection_only.launch.py -> /home/aryan/ros2_ws/install/howyouseeme_ros2/share/howyouseeme_ros2/launch
creating /home/aryan/ros2_ws/install/howyouseeme_ros2/share/howyouseeme_ros2/config
copying config/config.yaml -> /home/aryan/ros2_ws/install/howyouseeme_ros2/share/howyouseeme_ros2/config
running install_egg_info
Copying ../../../../../ros2_ws/build/howyouseeme_ros2/howyouseeme_ros2.egg-info to /home/aryan/ros2_ws/install/howyouseeme_ros2/lib/python3.12/site-packages/howyouseeme_ros2-1.0.0-py3.12.egg-info
running install_scripts
Installing kinect_subscriber script to /home/aryan/ros2_ws/install/howyouseeme_ros2/lib/howyouseeme_ros2
Installing performance_monitor script to /home/aryan/ros2_ws/install/howyouseeme_ros2/lib/howyouseeme_ros2
Installing slam_interface_node script to /home/aryan/ros2_ws/install/howyouseeme_ros2/lib/howyouseeme_ros2
Installing yolo_detector_node script to /home/aryan/ros2_ws/install/howyouseeme_ros2/lib/howyouseeme_ros2
writing list of installed files to '/home/aryan/ros2_ws/build/howyouseeme_ros2/install.log'
