[0.529s] Invoking command in '/home/aryan/ros2_ws/src/howyouseeme_ros2': CONDA_PROMPT_MODIFIER=(base) DEBUGINFOD_URLS=https://debuginfod.ubuntu.com PYTHONPATH=/home/aryan/ros2_ws/build/howyouseeme_ros2/prefix_override:/usr/lib/python3/dist-packages/colcon_core/task/python/colcon_distutils_commands:/home/aryan/ros2_ws/install/howyouseeme_ros2/lib/python3.12/site-packages:${PYTHONPATH} /usr/bin/python3 -W ignore:setup.py install is deprecated -W ignore:easy_install command is deprecated setup.py egg_info --egg-base ../../../../../ros2_ws/build/howyouseeme_ros2 build --build-base /home/aryan/ros2_ws/build/howyouseeme_ros2/build install --record /home/aryan/ros2_ws/build/howyouseeme_ros2/install.log --single-version-externally-managed install_data
[0.694s] running egg_info
[0.705s] writing ../../../../../ros2_ws/build/howyouseeme_ros2/howyouseeme_ros2.egg-info/PKG-INFO
[0.705s] writing dependency_links to ../../../../../ros2_ws/build/howyouseeme_ros2/howyouseeme_ros2.egg-info/dependency_links.txt
[0.706s] writing entry points to ../../../../../ros2_ws/build/howyouseeme_ros2/howyouseeme_ros2.egg-info/entry_points.txt
[0.706s] writing requirements to ../../../../../ros2_ws/build/howyouseeme_ros2/howyouseeme_ros2.egg-info/requires.txt
[0.706s] writing top-level names to ../../../../../ros2_ws/build/howyouseeme_ros2/howyouseeme_ros2.egg-info/top_level.txt
[0.731s] reading manifest file '../../../../../ros2_ws/build/howyouseeme_ros2/howyouseeme_ros2.egg-info/SOURCES.txt'
[0.732s] writing manifest file '../../../../../ros2_ws/build/howyouseeme_ros2/howyouseeme_ros2.egg-info/SOURCES.txt'
[0.732s] running build
[0.732s] running build_py
[0.732s] creating /home/aryan/ros2_ws/build/howyouseeme_ros2/build/lib/src
[0.732s] copying src/__init__.py -> /home/aryan/ros2_ws/build/howyouseeme_ros2/build/lib/src
[0.733s] creating /home/aryan/ros2_ws/build/howyouseeme_ros2/build/lib/src/mcp_integration
[0.733s] copying src/mcp_integration/__init__.py -> /home/aryan/ros2_ws/build/howyouseeme_ros2/build/lib/src/mcp_integration
[0.733s] creating /home/aryan/ros2_ws/build/howyouseeme_ros2/build/lib/src/summarizer
[0.733s] copying src/summarizer/__init__.py -> /home/aryan/ros2_ws/build/howyouseeme_ros2/build/lib/src/summarizer
[0.733s] creating /home/aryan/ros2_ws/build/howyouseeme_ros2/build/lib/src/perception
[0.733s] copying src/perception/__init__.py -> /home/aryan/ros2_ws/build/howyouseeme_ros2/build/lib/src/perception
[0.733s] copying src/perception/ros2_sensor_interface.py -> /home/aryan/ros2_ws/build/howyouseeme_ros2/build/lib/src/perception
[0.734s] creating /home/aryan/ros2_ws/build/howyouseeme_ros2/build/lib/src/perception/audio
[0.734s] copying src/perception/audio/__init__.py -> /home/aryan/ros2_ws/build/howyouseeme_ros2/build/lib/src/perception/audio
[0.734s] creating /home/aryan/ros2_ws/build/howyouseeme_ros2/build/lib/src/perception/vlm
[0.734s] copying src/perception/vlm/__init__.py -> /home/aryan/ros2_ws/build/howyouseeme_ros2/build/lib/src/perception/vlm
[0.734s] creating /home/aryan/ros2_ws/build/howyouseeme_ros2/build/lib/src/perception/hand_tracking
[0.734s] copying src/perception/hand_tracking/__init__.py -> /home/aryan/ros2_ws/build/howyouseeme_ros2/build/lib/src/perception/hand_tracking
[0.734s] creating /home/aryan/ros2_ws/build/howyouseeme_ros2/build/lib/src/perception/detection
[0.734s] copying src/perception/detection/__init__.py -> /home/aryan/ros2_ws/build/howyouseeme_ros2/build/lib/src/perception/detection
[0.735s] copying src/perception/detection/ros2_object_detector.py -> /home/aryan/ros2_ws/build/howyouseeme_ros2/build/lib/src/perception/detection
[0.735s] copying src/perception/detection/object_detector.py -> /home/aryan/ros2_ws/build/howyouseeme_ros2/build/lib/src/perception/detection
[0.736s] creating /home/aryan/ros2_ws/build/howyouseeme_ros2/build/lib/src/perception/face_analysis
[0.736s] copying src/perception/face_analysis/__init__.py -> /home/aryan/ros2_ws/build/howyouseeme_ros2/build/lib/src/perception/face_analysis
[0.736s] creating /home/aryan/ros2_ws/build/howyouseeme_ros2/build/lib/src/perception/slam
[0.736s] copying src/perception/slam/__init__.py -> /home/aryan/ros2_ws/build/howyouseeme_ros2/build/lib/src/perception/slam
[0.736s] copying src/perception/slam/ros2_slam_interface.py -> /home/aryan/ros2_ws/build/howyouseeme_ros2/build/lib/src/perception/slam
[0.737s] creating /home/aryan/ros2_ws/build/howyouseeme_ros2/build/lib/src/perception/segmentation
[0.737s] copying src/perception/segmentation/__init__.py -> /home/aryan/ros2_ws/build/howyouseeme_ros2/build/lib/src/perception/segmentation
[0.737s] creating /home/aryan/ros2_ws/build/howyouseeme_ros2/build/lib/howyouseeme_ros2/perception
[0.737s] copying howyouseeme_ros2/perception/__init__.py -> /home/aryan/ros2_ws/build/howyouseeme_ros2/build/lib/howyouseeme_ros2/perception
[0.738s] copying howyouseeme_ros2/perception/ros2_sensor_interface.py -> /home/aryan/ros2_ws/build/howyouseeme_ros2/build/lib/howyouseeme_ros2/perception
[0.738s] creating /home/aryan/ros2_ws/build/howyouseeme_ros2/build/lib/howyouseeme_ros2/perception/audio
[0.738s] copying howyouseeme_ros2/perception/audio/__init__.py -> /home/aryan/ros2_ws/build/howyouseeme_ros2/build/lib/howyouseeme_ros2/perception/audio
[0.738s] creating /home/aryan/ros2_ws/build/howyouseeme_ros2/build/lib/howyouseeme_ros2/perception/vlm
[0.738s] copying howyouseeme_ros2/perception/vlm/__init__.py -> /home/aryan/ros2_ws/build/howyouseeme_ros2/build/lib/howyouseeme_ros2/perception/vlm
[0.738s] creating /home/aryan/ros2_ws/build/howyouseeme_ros2/build/lib/howyouseeme_ros2/perception/hand_tracking
[0.738s] copying howyouseeme_ros2/perception/hand_tracking/__init__.py -> /home/aryan/ros2_ws/build/howyouseeme_ros2/build/lib/howyouseeme_ros2/perception/hand_tracking
[0.739s] creating /home/aryan/ros2_ws/build/howyouseeme_ros2/build/lib/howyouseeme_ros2/perception/detection
[0.739s] copying howyouseeme_ros2/perception/detection/__init__.py -> /home/aryan/ros2_ws/build/howyouseeme_ros2/build/lib/howyouseeme_ros2/perception/detection
[0.739s] copying howyouseeme_ros2/perception/detection/ros2_object_detector.py -> /home/aryan/ros2_ws/build/howyouseeme_ros2/build/lib/howyouseeme_ros2/perception/detection
[0.739s] copying howyouseeme_ros2/perception/detection/object_detector.py -> /home/aryan/ros2_ws/build/howyouseeme_ros2/build/lib/howyouseeme_ros2/perception/detection
[0.740s] creating /home/aryan/ros2_ws/build/howyouseeme_ros2/build/lib/howyouseeme_ros2/perception/face_analysis
[0.740s] copying howyouseeme_ros2/perception/face_analysis/__init__.py -> /home/aryan/ros2_ws/build/howyouseeme_ros2/build/lib/howyouseeme_ros2/perception/face_analysis
[0.740s] creating /home/aryan/ros2_ws/build/howyouseeme_ros2/build/lib/howyouseeme_ros2/perception/slam
[0.740s] copying howyouseeme_ros2/perception/slam/__init__.py -> /home/aryan/ros2_ws/build/howyouseeme_ros2/build/lib/howyouseeme_ros2/perception/slam
[0.740s] copying howyouseeme_ros2/perception/slam/ros2_slam_interface.py -> /home/aryan/ros2_ws/build/howyouseeme_ros2/build/lib/howyouseeme_ros2/perception/slam
[0.741s] creating /home/aryan/ros2_ws/build/howyouseeme_ros2/build/lib/howyouseeme_ros2/perception/segmentation
[0.741s] copying howyouseeme_ros2/perception/segmentation/__init__.py -> /home/aryan/ros2_ws/build/howyouseeme_ros2/build/lib/howyouseeme_ros2/perception/segmentation
[0.742s] running install
[0.746s] running install_lib
[0.758s] creating /home/aryan/ros2_ws/install/howyouseeme_ros2/lib/python3.12/site-packages/src
[0.758s] creating /home/aryan/ros2_ws/install/howyouseeme_ros2/lib/python3.12/site-packages/src/mcp_integration
[0.759s] copying /home/aryan/ros2_ws/build/howyouseeme_ros2/build/lib/src/mcp_integration/__init__.py -> /home/aryan/ros2_ws/install/howyouseeme_ros2/lib/python3.12/site-packages/src/mcp_integration
[0.759s] copying /home/aryan/ros2_ws/build/howyouseeme_ros2/build/lib/src/__init__.py -> /home/aryan/ros2_ws/install/howyouseeme_ros2/lib/python3.12/site-packages/src
[0.759s] creating /home/aryan/ros2_ws/install/howyouseeme_ros2/lib/python3.12/site-packages/src/summarizer
[0.759s] copying /home/aryan/ros2_ws/build/howyouseeme_ros2/build/lib/src/summarizer/__init__.py -> /home/aryan/ros2_ws/install/howyouseeme_ros2/lib/python3.12/site-packages/src/summarizer
[0.759s] creating /home/aryan/ros2_ws/install/howyouseeme_ros2/lib/python3.12/site-packages/src/perception
[0.759s] creating /home/aryan/ros2_ws/install/howyouseeme_ros2/lib/python3.12/site-packages/src/perception/audio
[0.759s] copying /home/aryan/ros2_ws/build/howyouseeme_ros2/build/lib/src/perception/audio/__init__.py -> /home/aryan/ros2_ws/install/howyouseeme_ros2/lib/python3.12/site-packages/src/perception/audio
[0.759s] creating /home/aryan/ros2_ws/install/howyouseeme_ros2/lib/python3.12/site-packages/src/perception/vlm
[0.759s] copying /home/aryan/ros2_ws/build/howyouseeme_ros2/build/lib/src/perception/vlm/__init__.py -> /home/aryan/ros2_ws/install/howyouseeme_ros2/lib/python3.12/site-packages/src/perception/vlm
[0.759s] copying /home/aryan/ros2_ws/build/howyouseeme_ros2/build/lib/src/perception/__init__.py -> /home/aryan/ros2_ws/install/howyouseeme_ros2/lib/python3.12/site-packages/src/perception
[0.759s] creating /home/aryan/ros2_ws/install/howyouseeme_ros2/lib/python3.12/site-packages/src/perception/hand_tracking
[0.759s] copying /home/aryan/ros2_ws/build/howyouseeme_ros2/build/lib/src/perception/hand_tracking/__init__.py -> /home/aryan/ros2_ws/install/howyouseeme_ros2/lib/python3.12/site-packages/src/perception/hand_tracking
[0.759s] copying /home/aryan/ros2_ws/build/howyouseeme_ros2/build/lib/src/perception/ros2_sensor_interface.py -> /home/aryan/ros2_ws/install/howyouseeme_ros2/lib/python3.12/site-packages/src/perception
[0.759s] creating /home/aryan/ros2_ws/install/howyouseeme_ros2/lib/python3.12/site-packages/src/perception/detection
[0.759s] copying /home/aryan/ros2_ws/build/howyouseeme_ros2/build/lib/src/perception/detection/__init__.py -> /home/aryan/ros2_ws/install/howyouseeme_ros2/lib/python3.12/site-packages/src/perception/detection
[0.759s] copying /home/aryan/ros2_ws/build/howyouseeme_ros2/build/lib/src/perception/detection/ros2_object_detector.py -> /home/aryan/ros2_ws/install/howyouseeme_ros2/lib/python3.12/site-packages/src/perception/detection
[0.759s] copying /home/aryan/ros2_ws/build/howyouseeme_ros2/build/lib/src/perception/detection/object_detector.py -> /home/aryan/ros2_ws/install/howyouseeme_ros2/lib/python3.12/site-packages/src/perception/detection
[0.760s] creating /home/aryan/ros2_ws/install/howyouseeme_ros2/lib/python3.12/site-packages/src/perception/face_analysis
[0.760s] copying /home/aryan/ros2_ws/build/howyouseeme_ros2/build/lib/src/perception/face_analysis/__init__.py -> /home/aryan/ros2_ws/install/howyouseeme_ros2/lib/python3.12/site-packages/src/perception/face_analysis
[0.760s] creating /home/aryan/ros2_ws/install/howyouseeme_ros2/lib/python3.12/site-packages/src/perception/slam
[0.760s] copying /home/aryan/ros2_ws/build/howyouseeme_ros2/build/lib/src/perception/slam/__init__.py -> /home/aryan/ros2_ws/install/howyouseeme_ros2/lib/python3.12/site-packages/src/perception/slam
[0.760s] copying /home/aryan/ros2_ws/build/howyouseeme_ros2/build/lib/src/perception/slam/ros2_slam_interface.py -> /home/aryan/ros2_ws/install/howyouseeme_ros2/lib/python3.12/site-packages/src/perception/slam
[0.760s] creating /home/aryan/ros2_ws/install/howyouseeme_ros2/lib/python3.12/site-packages/src/perception/segmentation
[0.760s] copying /home/aryan/ros2_ws/build/howyouseeme_ros2/build/lib/src/perception/segmentation/__init__.py -> /home/aryan/ros2_ws/install/howyouseeme_ros2/lib/python3.12/site-packages/src/perception/segmentation
[0.760s] creating /home/aryan/ros2_ws/install/howyouseeme_ros2/lib/python3.12/site-packages/howyouseeme_ros2/perception
[0.760s] creating /home/aryan/ros2_ws/install/howyouseeme_ros2/lib/python3.12/site-packages/howyouseeme_ros2/perception/audio
[0.760s] copying /home/aryan/ros2_ws/build/howyouseeme_ros2/build/lib/howyouseeme_ros2/perception/audio/__init__.py -> /home/aryan/ros2_ws/install/howyouseeme_ros2/lib/python3.12/site-packages/howyouseeme_ros2/perception/audio
[0.760s] creating /home/aryan/ros2_ws/install/howyouseeme_ros2/lib/python3.12/site-packages/howyouseeme_ros2/perception/vlm
[0.760s] copying /home/aryan/ros2_ws/build/howyouseeme_ros2/build/lib/howyouseeme_ros2/perception/vlm/__init__.py -> /home/aryan/ros2_ws/install/howyouseeme_ros2/lib/python3.12/site-packages/howyouseeme_ros2/perception/vlm
[0.760s] copying /home/aryan/ros2_ws/build/howyouseeme_ros2/build/lib/howyouseeme_ros2/perception/__init__.py -> /home/aryan/ros2_ws/install/howyouseeme_ros2/lib/python3.12/site-packages/howyouseeme_ros2/perception
[0.760s] creating /home/aryan/ros2_ws/install/howyouseeme_ros2/lib/python3.12/site-packages/howyouseeme_ros2/perception/hand_tracking
[0.760s] copying /home/aryan/ros2_ws/build/howyouseeme_ros2/build/lib/howyouseeme_ros2/perception/hand_tracking/__init__.py -> /home/aryan/ros2_ws/install/howyouseeme_ros2/lib/python3.12/site-packages/howyouseeme_ros2/perception/hand_tracking
[0.760s] copying /home/aryan/ros2_ws/build/howyouseeme_ros2/build/lib/howyouseeme_ros2/perception/ros2_sensor_interface.py -> /home/aryan/ros2_ws/install/howyouseeme_ros2/lib/python3.12/site-packages/howyouseeme_ros2/perception
[0.760s] creating /home/aryan/ros2_ws/install/howyouseeme_ros2/lib/python3.12/site-packages/howyouseeme_ros2/perception/detection
[0.760s] copying /home/aryan/ros2_ws/build/howyouseeme_ros2/build/lib/howyouseeme_ros2/perception/detection/__init__.py -> /home/aryan/ros2_ws/install/howyouseeme_ros2/lib/python3.12/site-packages/howyouseeme_ros2/perception/detection
[0.760s] copying /home/aryan/ros2_ws/build/howyouseeme_ros2/build/lib/howyouseeme_ros2/perception/detection/ros2_object_detector.py -> /home/aryan/ros2_ws/install/howyouseeme_ros2/lib/python3.12/site-packages/howyouseeme_ros2/perception/detection
[0.760s] copying /home/aryan/ros2_ws/build/howyouseeme_ros2/build/lib/howyouseeme_ros2/perception/detection/object_detector.py -> /home/aryan/ros2_ws/install/howyouseeme_ros2/lib/python3.12/site-packages/howyouseeme_ros2/perception/detection
[0.760s] creating /home/aryan/ros2_ws/install/howyouseeme_ros2/lib/python3.12/site-packages/howyouseeme_ros2/perception/face_analysis
[0.760s] copying /home/aryan/ros2_ws/build/howyouseeme_ros2/build/lib/howyouseeme_ros2/perception/face_analysis/__init__.py -> /home/aryan/ros2_ws/install/howyouseeme_ros2/lib/python3.12/site-packages/howyouseeme_ros2/perception/face_analysis
[0.760s] creating /home/aryan/ros2_ws/install/howyouseeme_ros2/lib/python3.12/site-packages/howyouseeme_ros2/perception/slam
[0.760s] copying /home/aryan/ros2_ws/build/howyouseeme_ros2/build/lib/howyouseeme_ros2/perception/slam/__init__.py -> /home/aryan/ros2_ws/install/howyouseeme_ros2/lib/python3.12/site-packages/howyouseeme_ros2/perception/slam
[0.760s] copying /home/aryan/ros2_ws/build/howyouseeme_ros2/build/lib/howyouseeme_ros2/perception/slam/ros2_slam_interface.py -> /home/aryan/ros2_ws/install/howyouseeme_ros2/lib/python3.12/site-packages/howyouseeme_ros2/perception/slam
[0.760s] creating /home/aryan/ros2_ws/install/howyouseeme_ros2/lib/python3.12/site-packages/howyouseeme_ros2/perception/segmentation
[0.760s] copying /home/aryan/ros2_ws/build/howyouseeme_ros2/build/lib/howyouseeme_ros2/perception/segmentation/__init__.py -> /home/aryan/ros2_ws/install/howyouseeme_ros2/lib/python3.12/site-packages/howyouseeme_ros2/perception/segmentation
[0.760s] byte-compiling /home/aryan/ros2_ws/install/howyouseeme_ros2/lib/python3.12/site-packages/src/mcp_integration/__init__.py to __init__.cpython-312.pyc
[0.761s] byte-compiling /home/aryan/ros2_ws/install/howyouseeme_ros2/lib/python3.12/site-packages/src/__init__.py to __init__.cpython-312.pyc
[0.761s] byte-compiling /home/aryan/ros2_ws/install/howyouseeme_ros2/lib/python3.12/site-packages/src/summarizer/__init__.py to __init__.cpython-312.pyc
[0.761s] byte-compiling /home/aryan/ros2_ws/install/howyouseeme_ros2/lib/python3.12/site-packages/src/perception/audio/__init__.py to __init__.cpython-312.pyc
[0.761s] byte-compiling /home/aryan/ros2_ws/install/howyouseeme_ros2/lib/python3.12/site-packages/src/perception/vlm/__init__.py to __init__.cpython-312.pyc
[0.761s] byte-compiling /home/aryan/ros2_ws/install/howyouseeme_ros2/lib/python3.12/site-packages/src/perception/__init__.py to __init__.cpython-312.pyc
[0.761s] byte-compiling /home/aryan/ros2_ws/install/howyouseeme_ros2/lib/python3.12/site-packages/src/perception/hand_tracking/__init__.py to __init__.cpython-312.pyc
[0.761s] byte-compiling /home/aryan/ros2_ws/install/howyouseeme_ros2/lib/python3.12/site-packages/src/perception/ros2_sensor_interface.py to ros2_sensor_interface.cpython-312.pyc
[0.762s] byte-compiling /home/aryan/ros2_ws/install/howyouseeme_ros2/lib/python3.12/site-packages/src/perception/detection/__init__.py to __init__.cpython-312.pyc
[0.762s]   File "/home/aryan/ros2_ws/install/howyouseeme_ros2/lib/python3.12/site-packages/src/perception/ros2_sensor_interface.py", line 172
[0.762s]     self.get_logger().info(f\"ROS2 Kinect Interface initialized - Target FPS: {target_fps}\")\
[0.762s]                              ^
[0.762s] SyntaxError: unexpected character after line continuation character
[0.762s] 
[0.762s] byte-compiling /home/aryan/ros2_ws/install/howyouseeme_ros2/lib/python3.12/site-packages/src/perception/detection/ros2_object_detector.py to ros2_object_detector.cpython-312.pyc
[0.763s] byte-compiling /home/aryan/ros2_ws/install/howyouseeme_ros2/lib/python3.12/site-packages/src/perception/detection/object_detector.py to object_detector.cpython-312.pyc
[0.763s]   File "/home/aryan/ros2_ws/install/howyouseeme_ros2/lib/python3.12/site-packages/src/perception/detection/ros2_object_detector.py", line 197
[0.763s]     t KeyboardInterrupt:\n        print(\"Shutting down YOLO detector...\")\n    finally:\n        detector.shutdown()\n        rclpy.shutdown()\n\n\nif __name__ == '__main__':\n    main()\n"
[0.763s]                                                                                              ^
[0.763s] SyntaxError: unexpected character after line continuation character
[0.763s] 
[0.765s] byte-compiling /home/aryan/ros2_ws/install/howyouseeme_ros2/lib/python3.12/site-packages/src/perception/face_analysis/__init__.py to __init__.cpython-312.pyc
[0.765s] byte-compiling /home/aryan/ros2_ws/install/howyouseeme_ros2/lib/python3.12/site-packages/src/perception/slam/__init__.py to __init__.cpython-312.pyc
[0.765s] byte-compiling /home/aryan/ros2_ws/install/howyouseeme_ros2/lib/python3.12/site-packages/src/perception/slam/ros2_slam_interface.py to ros2_slam_interface.cpython-312.pyc
[0.766s]   File "/home/aryan/ros2_ws/install/howyouseeme_ros2/lib/python3.12/site-packages/src/perception/slam/ros2_slam_interface.py", line 217
[0.766s]     __ == '__main__':\n    main()\n"
[0.766s]                               ^
[0.766s] SyntaxError: unexpected character after line continuation character
[0.766s] 
[0.766s] byte-compiling /home/aryan/ros2_ws/install/howyouseeme_ros2/lib/python3.12/site-packages/src/perception/segmentation/__init__.py to __init__.cpython-312.pyc
[0.766s] byte-compiling /home/aryan/ros2_ws/install/howyouseeme_ros2/lib/python3.12/site-packages/howyouseeme_ros2/perception/audio/__init__.py to __init__.cpython-312.pyc
[0.766s] byte-compiling /home/aryan/ros2_ws/install/howyouseeme_ros2/lib/python3.12/site-packages/howyouseeme_ros2/perception/vlm/__init__.py to __init__.cpython-312.pyc
[0.766s] byte-compiling /home/aryan/ros2_ws/install/howyouseeme_ros2/lib/python3.12/site-packages/howyouseeme_ros2/perception/__init__.py to __init__.cpython-312.pyc
[0.766s] byte-compiling /home/aryan/ros2_ws/install/howyouseeme_ros2/lib/python3.12/site-packages/howyouseeme_ros2/perception/hand_tracking/__init__.py to __init__.cpython-312.pyc
[0.766s] byte-compiling /home/aryan/ros2_ws/install/howyouseeme_ros2/lib/python3.12/site-packages/howyouseeme_ros2/perception/ros2_sensor_interface.py to ros2_sensor_interface.cpython-312.pyc
[0.767s]   File "/home/aryan/ros2_ws/install/howyouseeme_ros2/lib/python3.12/site-packages/howyouseeme_ros2/perception/ros2_sensor_interface.py", line 172
[0.767s]     self.get_logger().info(f\"ROS2 Kinect Interface initialized - Target FPS: {target_fps}\")\
[0.767s]                              ^
[0.767s] SyntaxError: unexpected character after line continuation character
[0.767s] 
[0.767s] byte-compiling /home/aryan/ros2_ws/install/howyouseeme_ros2/lib/python3.12/site-packages/howyouseeme_ros2/perception/detection/__init__.py to __init__.cpython-312.pyc
[0.767s] byte-compiling /home/aryan/ros2_ws/install/howyouseeme_ros2/lib/python3.12/site-packages/howyouseeme_ros2/perception/detection/ros2_object_detector.py to ros2_object_detector.cpython-312.pyc
[0.767s]   File "/home/aryan/ros2_ws/install/howyouseeme_ros2/lib/python3.12/site-packages/howyouseeme_ros2/perception/detection/ros2_object_detector.py", line 197
[0.767s]     t KeyboardInterrupt:\n        print(\"Shutting down YOLO detector...\")\n    finally:\n        detector.shutdown()\n        rclpy.shutdown()\n\n\nif __name__ == '__main__':\n    main()\n"
[0.767s]                                                                                              ^
[0.767s] SyntaxError: unexpected character after line continuation character
[0.767s] 
[0.767s] byte-compiling /home/aryan/ros2_ws/install/howyouseeme_ros2/lib/python3.12/site-packages/howyouseeme_ros2/perception/detection/object_detector.py to object_detector.cpython-312.pyc
[0.770s] byte-compiling /home/aryan/ros2_ws/install/howyouseeme_ros2/lib/python3.12/site-packages/howyouseeme_ros2/perception/face_analysis/__init__.py to __init__.cpython-312.pyc
[0.770s] byte-compiling /home/aryan/ros2_ws/install/howyouseeme_ros2/lib/python3.12/site-packages/howyouseeme_ros2/perception/slam/__init__.py to __init__.cpython-312.pyc
[0.770s] byte-compiling /home/aryan/ros2_ws/install/howyouseeme_ros2/lib/python3.12/site-packages/howyouseeme_ros2/perception/slam/ros2_slam_interface.py to ros2_slam_interface.cpython-312.pyc
[0.770s]   File "/home/aryan/ros2_ws/install/howyouseeme_ros2/lib/python3.12/site-packages/howyouseeme_ros2/perception/slam/ros2_slam_interface.py", line 217
[0.770s]     __ == '__main__':\n    main()\n"
[0.770s]                               ^
[0.771s] SyntaxError: unexpected character after line continuation character
[0.771s] 
[0.771s] byte-compiling /home/aryan/ros2_ws/install/howyouseeme_ros2/lib/python3.12/site-packages/howyouseeme_ros2/perception/segmentation/__init__.py to __init__.cpython-312.pyc
[0.771s] running install_data
[0.771s] creating /home/aryan/ros2_ws/install/howyouseeme_ros2/share/howyouseeme_ros2/launch
[0.771s] copying launch/detection_only.launch.py -> /home/aryan/ros2_ws/install/howyouseeme_ros2/share/howyouseeme_ros2/launch
[0.771s] creating /home/aryan/ros2_ws/install/howyouseeme_ros2/share/howyouseeme_ros2/config
[0.771s] copying config/config.yaml -> /home/aryan/ros2_ws/install/howyouseeme_ros2/share/howyouseeme_ros2/config
[0.771s] running install_egg_info
[0.785s] Copying ../../../../../ros2_ws/build/howyouseeme_ros2/howyouseeme_ros2.egg-info to /home/aryan/ros2_ws/install/howyouseeme_ros2/lib/python3.12/site-packages/howyouseeme_ros2-1.0.0-py3.12.egg-info
[0.785s] running install_scripts
[0.867s] Installing kinect_subscriber script to /home/aryan/ros2_ws/install/howyouseeme_ros2/lib/howyouseeme_ros2
[0.868s] Installing performance_monitor script to /home/aryan/ros2_ws/install/howyouseeme_ros2/lib/howyouseeme_ros2
[0.868s] Installing slam_interface_node script to /home/aryan/ros2_ws/install/howyouseeme_ros2/lib/howyouseeme_ros2
[0.868s] Installing yolo_detector_node script to /home/aryan/ros2_ws/install/howyouseeme_ros2/lib/howyouseeme_ros2
[0.868s] writing list of installed files to '/home/aryan/ros2_ws/build/howyouseeme_ros2/install.log'
[0.889s] Invoked command in '/home/aryan/ros2_ws/src/howyouseeme_ros2' returned '0': CONDA_PROMPT_MODIFIER=(base) DEBUGINFOD_URLS=https://debuginfod.ubuntu.com PYTHONPATH=/home/aryan/ros2_ws/build/howyouseeme_ros2/prefix_override:/usr/lib/python3/dist-packages/colcon_core/task/python/colcon_distutils_commands:/home/aryan/ros2_ws/install/howyouseeme_ros2/lib/python3.12/site-packages:${PYTHONPATH} /usr/bin/python3 -W ignore:setup.py install is deprecated -W ignore:easy_install command is deprecated setup.py egg_info --egg-base ../../../../../ros2_ws/build/howyouseeme_ros2 build --build-base /home/aryan/ros2_ws/build/howyouseeme_ros2/build install --record /home/aryan/ros2_ws/build/howyouseeme_ros2/install.log --single-version-externally-managed install_data
