running egg_info
creating ../../build/howyouseeme_ros2/howyouseeme_ros2.egg-info
writing ../../build/howyouseeme_ros2/howyouseeme_ros2.egg-info/PKG-INFO
writing dependency_links to ../../build/howyouseeme_ros2/howyouseeme_ros2.egg-info/dependency_links.txt
writing entry points to ../../build/howyouseeme_ros2/howyouseeme_ros2.egg-info/entry_points.txt
writing requirements to ../../build/howyouseeme_ros2/howyouseeme_ros2.egg-info/requires.txt
writing top-level names to ../../build/howyouseeme_ros2/howyouseeme_ros2.egg-info/top_level.txt
writing manifest file '../../build/howyouseeme_ros2/howyouseeme_ros2.egg-info/SOURCES.txt'
reading manifest file '../../build/howyouseeme_ros2/howyouseeme_ros2.egg-info/SOURCES.txt'
writing manifest file '../../build/howyouseeme_ros2/howyouseeme_ros2.egg-info/SOURCES.txt'
running build
running build_py
creating /home/aryan/ros2_ws/build/howyouseeme_ros2/build
creating /home/aryan/ros2_ws/build/howyouseeme_ros2/build/lib
creating /home/aryan/ros2_ws/build/howyouseeme_ros2/build/lib/howyouseeme_ros2
copying howyouseeme_ros2/__init__.py -> /home/aryan/ros2_ws/build/howyouseeme_ros2/build/lib/howyouseeme_ros2
copying howyouseeme_ros2/kinect_subscriber.py -> /home/aryan/ros2_ws/build/howyouseeme_ros2/build/lib/howyouseeme_ros2
running install
running install_lib
creating /home/aryan/ros2_ws/install/howyouseeme_ros2/lib/python3.12/site-packages/howyouseeme_ros2
copying /home/aryan/ros2_ws/build/howyouseeme_ros2/build/lib/howyouseeme_ros2/__init__.py -> /home/aryan/ros2_ws/install/howyouseeme_ros2/lib/python3.12/site-packages/howyouseeme_ros2
copying /home/aryan/ros2_ws/build/howyouseeme_ros2/build/lib/howyouseeme_ros2/kinect_subscriber.py -> /home/aryan/ros2_ws/install/howyouseeme_ros2/lib/python3.12/site-packages/howyouseeme_ros2
byte-compiling /home/aryan/ros2_ws/install/howyouseeme_ros2/lib/python3.12/site-packages/howyouseeme_ros2/__init__.py to __init__.cpython-312.pyc
byte-compiling /home/aryan/ros2_ws/install/howyouseeme_ros2/lib/python3.12/site-packages/howyouseeme_ros2/kinect_subscriber.py to kinect_subscriber.cpython-312.pyc
running install_data
creating /home/aryan/ros2_ws/install/howyouseeme_ros2/share/ament_index
creating /home/aryan/ros2_ws/install/howyouseeme_ros2/share/ament_index/resource_index
creating /home/aryan/ros2_ws/install/howyouseeme_ros2/share/ament_index/resource_index/packages
copying resource/howyouseeme_ros2 -> /home/aryan/ros2_ws/install/howyouseeme_ros2/share/ament_index/resource_index/packages
copying package.xml -> /home/aryan/ros2_ws/install/howyouseeme_ros2/share/howyouseeme_ros2
running install_egg_info
Copying ../../build/howyouseeme_ros2/howyouseeme_ros2.egg-info to /home/aryan/ros2_ws/install/howyouseeme_ros2/lib/python3.12/site-packages/howyouseeme_ros2-0.0.0-py3.12.egg-info
running install_scripts
Installing kinect_subscriber script to /home/aryan/ros2_ws/install/howyouseeme_ros2/lib/howyouseeme_ros2
writing list of installed files to '/home/aryan/ros2_ws/build/howyouseeme_ros2/install.log'
