[0.536s] Invoking command in '/home/aryan/ros2_ws/src/howyouseeme_ros2': CONDA_PROMPT_MODIFIER=(howyouseeme) DEBUGINFOD_URLS=https://debuginfod.ubuntu.com PYTHONPATH=/home/aryan/ros2_ws/build/howyouseeme_ros2/prefix_override:/usr/lib/python3/dist-packages/colcon_core/task/python/colcon_distutils_commands:/home/aryan/ros2_ws/install/howyouseeme_ros2/lib/python3.12/site-packages:${PYTHONPATH} /usr/bin/python3 -W ignore:setup.py install is deprecated -W ignore:easy_install command is deprecated setup.py egg_info --egg-base ../../build/howyouseeme_ros2 build --build-base /home/aryan/ros2_ws/build/howyouseeme_ros2/build install --record /home/aryan/ros2_ws/build/howyouseeme_ros2/install.log --single-version-externally-managed install_data
[0.714s] running egg_info
[0.714s] creating ../../build/howyouseeme_ros2/howyouseeme_ros2.egg-info
[0.727s] writing ../../build/howyouseeme_ros2/howyouseeme_ros2.egg-info/PKG-INFO
[0.727s] writing dependency_links to ../../build/howyouseeme_ros2/howyouseeme_ros2.egg-info/dependency_links.txt
[0.727s] writing entry points to ../../build/howyouseeme_ros2/howyouseeme_ros2.egg-info/entry_points.txt
[0.727s] writing requirements to ../../build/howyouseeme_ros2/howyouseeme_ros2.egg-info/requires.txt
[0.727s] writing top-level names to ../../build/howyouseeme_ros2/howyouseeme_ros2.egg-info/top_level.txt
[0.727s] writing manifest file '../../build/howyouseeme_ros2/howyouseeme_ros2.egg-info/SOURCES.txt'
[0.752s] reading manifest file '../../build/howyouseeme_ros2/howyouseeme_ros2.egg-info/SOURCES.txt'
[0.752s] writing manifest file '../../build/howyouseeme_ros2/howyouseeme_ros2.egg-info/SOURCES.txt'
[0.752s] running build
[0.752s] running build_py
[0.753s] creating /home/aryan/ros2_ws/build/howyouseeme_ros2/build
[0.753s] creating /home/aryan/ros2_ws/build/howyouseeme_ros2/build/lib
[0.753s] creating /home/aryan/ros2_ws/build/howyouseeme_ros2/build/lib/howyouseeme_ros2
[0.753s] copying howyouseeme_ros2/__init__.py -> /home/aryan/ros2_ws/build/howyouseeme_ros2/build/lib/howyouseeme_ros2
[0.753s] copying howyouseeme_ros2/kinect_subscriber.py -> /home/aryan/ros2_ws/build/howyouseeme_ros2/build/lib/howyouseeme_ros2
[0.753s] running install
[0.758s] running install_lib
[0.771s] creating /home/aryan/ros2_ws/install/howyouseeme_ros2/lib/python3.12/site-packages/howyouseeme_ros2
[0.771s] copying /home/aryan/ros2_ws/build/howyouseeme_ros2/build/lib/howyouseeme_ros2/__init__.py -> /home/aryan/ros2_ws/install/howyouseeme_ros2/lib/python3.12/site-packages/howyouseeme_ros2
[0.771s] copying /home/aryan/ros2_ws/build/howyouseeme_ros2/build/lib/howyouseeme_ros2/kinect_subscriber.py -> /home/aryan/ros2_ws/install/howyouseeme_ros2/lib/python3.12/site-packages/howyouseeme_ros2
[0.771s] byte-compiling /home/aryan/ros2_ws/install/howyouseeme_ros2/lib/python3.12/site-packages/howyouseeme_ros2/__init__.py to __init__.cpython-312.pyc
[0.771s] byte-compiling /home/aryan/ros2_ws/install/howyouseeme_ros2/lib/python3.12/site-packages/howyouseeme_ros2/kinect_subscriber.py to kinect_subscriber.cpython-312.pyc
[0.772s] running install_data
[0.772s] creating /home/aryan/ros2_ws/install/howyouseeme_ros2/share/ament_index
[0.772s] creating /home/aryan/ros2_ws/install/howyouseeme_ros2/share/ament_index/resource_index
[0.773s] creating /home/aryan/ros2_ws/install/howyouseeme_ros2/share/ament_index/resource_index/packages
[0.773s] copying resource/howyouseeme_ros2 -> /home/aryan/ros2_ws/install/howyouseeme_ros2/share/ament_index/resource_index/packages
[0.773s] copying package.xml -> /home/aryan/ros2_ws/install/howyouseeme_ros2/share/howyouseeme_ros2
[0.773s] running install_egg_info
[0.786s] Copying ../../build/howyouseeme_ros2/howyouseeme_ros2.egg-info to /home/aryan/ros2_ws/install/howyouseeme_ros2/lib/python3.12/site-packages/howyouseeme_ros2-0.0.0-py3.12.egg-info
[0.786s] running install_scripts
[0.871s] Installing kinect_subscriber script to /home/aryan/ros2_ws/install/howyouseeme_ros2/lib/howyouseeme_ros2
[0.871s] writing list of installed files to '/home/aryan/ros2_ws/build/howyouseeme_ros2/install.log'
[0.893s] Invoked command in '/home/aryan/ros2_ws/src/howyouseeme_ros2' returned '0': CONDA_PROMPT_MODIFIER=(howyouseeme) DEBUGINFOD_URLS=https://debuginfod.ubuntu.com PYTHONPATH=/home/aryan/ros2_ws/build/howyouseeme_ros2/prefix_override:/usr/lib/python3/dist-packages/colcon_core/task/python/colcon_distutils_commands:/home/aryan/ros2_ws/install/howyouseeme_ros2/lib/python3.12/site-packages:${PYTHONPATH} /usr/bin/python3 -W ignore:setup.py install is deprecated -W ignore:easy_install command is deprecated setup.py egg_info --egg-base ../../build/howyouseeme_ros2 build --build-base /home/aryan/ros2_ws/build/howyouseeme_ros2/build install --record /home/aryan/ros2_ws/build/howyouseeme_ros2/install.log --single-version-externally-managed install_data
